Exporter version: 2.93.1, Blender version: 2.93.1
========= Conversion from Blender to Babylon.js =========
	Scene settings used :
		Inline textures     :  false
		Material Type       :  PBR
		Positions Precision :  4
		Normals Precision   :  3
		UVs Precision       :  3
		Vert Color Precision:  3
		Mat Weight Precision:  2
		Keep Z-up r-handed  :  no
		Texture directory   :  C:\Users\nach0219\Pictures\apple\
	Python World class constructor completed
	WARNING: No active camera has been assigned, or is not in a currently enabled collection
	processing begun of mesh:  AppleBase
		processing begun of material:  AppleMaterial
			WARNING: unsupported node type(ShaderNodeTexNoise) will trigger baking
			WARNING: unsupported node type(ShaderNodeValToRGB) will trigger baking
			WARNING: unsupported node type(ShaderNodeTexNoise) will trigger baking
			WARNING: unsupported node type(ShaderNodeValToRGB) will trigger baking
			WARNING: unsupported node type(ShaderNodeMixRGB) will trigger baking
			WARNING: unsupported node type(ShaderNodeValToRGB) will trigger baking
			Baking texture, type: DIFFUSE, mapped using: BakingUV
			processing texture AppleBase_baked_DIFFUSE
				texture type:  diffuseTexture, mapped using: "BakingUV"
			Diffuse / albeto channel baked
			bake time:  0 min, 48.9551 secs
		num positions      :  9327
		num normals        :  9327
		num tangents       :  0
		num uvs            :  18654
		num uvs2           :  0
		num colors         :  0
		num triangles      :  14848
		WARNING: # of 0 area faces found:  84
	processing begun of mesh:  AppleSlack
		processing begun of material:  Material.001
			WARNING: unsupported node type(ShaderNodeTexMusgrave) will trigger baking
			WARNING: unsupported node type(ShaderNodeBump) will trigger baking
			bake time:  0 min, 0.61 secs
		num positions      :  471832
		num normals        :  471832
		num tangents       :  0
		num uvs            :  943664
		num uvs2           :  0
		num colors         :  0
		num triangles      :  200704
========= Writing of JSON file started =========
	writing mesh:  AppleBase
	writing mesh:  AppleSlack
========= Writing of JSON file completed =========
========= end of processing =========
elapsed time:  1 min, 31.2032 secs
